Day 82, Slot 1 -> Post #7: employee-to-freelancer-mindset-shift
Generating custom image...
Image rendered: 478992 bytes
Posted! ID: 1123661170821387_122095978916916009
Day 83, Slot 0 -> Post #9: freelance-beginner-mistakes-avoid
Generating custom image...
Image rendered: 404129 bytes
Posted! ID: 1123661170821387_122096422964916009
Post: freelance-credit-card-application-guide (119 remaining)
Rendering image...
Image: 489694 bytes
^CPost: freelance-credit-card-application-guide (119 remaining)
Rendering image...
Image: 490537 bytes
^CPost: freelance-credit-card-application-guide (119 remaining)
Rendering image...
Image: 489694 bytes
Posted! ID: 1123661170821387_122097165236916009
Saved. 118 articles remaining.
Post: freelance-car-loan-guide (118 remaining)
Rendering image...
Image: 510513 bytes
Posted! ID: 1123661170821387_122097316010916009
Saved. 117 articles remaining.
Post: freelance-open-business-bank-account (117 remaining)
Rendering image...
Image: 483462 bytes
Posted! ID: 1123661170821387_122097500720916009
Saved. 116 articles remaining.
Post: freelance-credit-score-build-guide (116 remaining)
Rendering image...
Image: 428398 bytes
Posted! ID: 1123661170821387_122097980426916009
Saved. 115 articles remaining.
Post: freelance-refinance-loan-guide (115 remaining)
Rendering image...
Image: 493389 bytes
Posted! ID: 1123661170821387_122098201514916009
Saved. 114 articles remaining.
Post: freelance-savings-insurance-guide (114 remaining)
Rendering image...
Image: 514915 bytes
Posted! ID: 1123661170821387_122098387262916009
Saved. 113 articles remaining.
Post: freelance-mutual-fund-beginner-guide (113 remaining)
Rendering image...
Image: 496063 bytes
^CPost: freelance-mutual-fund-beginner-guide (113 remaining)
Rendering image...
Image: 496063 bytes
Posted! ID: 1123661170821387_122100046004916009
Saved. 112 articles remaining.
Post: freelance-dca-investment-strategy (112 remaining)
Rendering image...
Image: 512544 bytes
^CPost: freelance-dca-investment-strategy (112 remaining)
Rendering image...
Image: 513227 bytes
^C